2023-01-16T14:35:53.533-03:00  INFO 13212 --- [restartedMain] c.titashop.admin.ShopBackEndApplication  : Starting ShopBackEndApplication using Java 18.0.2 with PID 13212 (C:\Users\OJUARA\Documents\workspace-spring-tool-suite-4-4.15.3.RELEASE\TitaShopProject\ShopWebParent\ShopBackEnd\target\classes started by OJUARA in C:\Users\OJUARA\Documents\workspace-spring-tool-suite-4-4.15.3.RELEASE\TitaShopProject\ShopWebParent\ShopBackEnd)
2023-01-16T14:35:53.536-03:00  INFO 13212 --- [restartedMain] c.titashop.admin.ShopBackEndApplication  : No active profile set, falling back to 1 default profile: "default"
2023-01-16T14:35:53.612-03:00  INFO 13212 --- [restartedMain] .e.DevToolsPropertyDefaultsPostProcessor : Devtools property defaults active! Set 'spring.devtools.add-properties' to 'false' to disable
2023-01-16T14:35:53.612-03:00  INFO 13212 --- [restartedMain] .e.DevToolsPropertyDefaultsPostProcessor : For additional web related logging consider setting the 'logging.level.web' property to 'DEBUG'
2023-01-16T14:35:54.579-03:00  INFO 13212 --- [restartedMain] .s.d.r.c.RepositoryConfigurationDelegate : Bootstrapping Spring Data JPA repositories in DEFAULT mode.
2023-01-16T14:35:54.640-03:00  INFO 13212 --- [restartedMain] .s.d.r.c.RepositoryConfigurationDelegate : Finished Spring Data repository scanning in 54 ms. Found 2 JPA repository interfaces.
2023-01-16T14:35:55.260-03:00  INFO 13212 --- [restartedMain] o.s.b.w.embedded.tomcat.TomcatWebServer  : Tomcat initialized with port(s): 8080 (http)
2023-01-16T14:35:55.269-03:00  INFO 13212 --- [restartedMain] o.apache.catalina.core.StandardService   : Starting service [Tomcat]
2023-01-16T14:35:55.270-03:00  INFO 13212 --- [restartedMain] o.apache.catalina.core.StandardEngine    : Starting Servlet engine: [Apache Tomcat/10.1.1]
2023-01-16T14:35:55.345-03:00  INFO 13212 --- [restartedMain] o.a.c.c.C.[.[.[/TitaShopAdmin]           : Initializing Spring embedded WebApplicationContext
2023-01-16T14:35:55.346-03:00  INFO 13212 --- [restartedMain] w.s.c.ServletWebServerApplicationContext : Root WebApplicationContext: initialization completed in 1732 ms
2023-01-16T14:35:55.525-03:00  INFO 13212 --- [restartedMain] o.hibernate.jpa.internal.util.LogHelper  : HHH000204: Processing PersistenceUnitInfo [name: default]
2023-01-16T14:35:55.575-03:00  INFO 13212 --- [restartedMain] org.hibernate.Version                    : HHH000412: Hibernate ORM core version 6.1.5.Final
2023-01-16T14:35:55.705-03:00  WARN 13212 --- [restartedMain] org.hibernate.orm.deprecation            : HHH90000021: Encountered deprecated setting [javax.persistence.sharedCache.mode], use [jakarta.persistence.sharedCache.mode] instead
2023-01-16T14:35:55.830-03:00  INFO 13212 --- [restartedMain] com.zaxxer.hikari.HikariDataSource       : HikariPool-1 - Starting...
2023-01-16T14:35:56.160-03:00  INFO 13212 --- [restartedMain] com.zaxxer.hikari.pool.HikariPool        : HikariPool-1 - Added connection com.mysql.cj.jdbc.ConnectionImpl@6ab1548
2023-01-16T14:35:56.162-03:00  INFO 13212 --- [restartedMain] com.zaxxer.hikari.HikariDataSource       : HikariPool-1 - Start completed.
2023-01-16T14:35:56.180-03:00  INFO 13212 --- [restartedMain] SQL dialect                              : HHH000400: Using dialect: org.hibernate.dialect.MySQL8Dialect
2023-01-16T14:35:56.181-03:00  WARN 13212 --- [restartedMain] org.hibernate.orm.deprecation            : HHH90000026: MySQL8Dialect has been deprecated; use org.hibernate.dialect.MySQLDialect instead
2023-01-16T14:35:57.023-03:00  INFO 13212 --- [restartedMain] o.h.e.t.j.p.i.JtaPlatformInitiator       : HHH000490: Using JtaPlatform implementation: [org.hibernate.engine.transaction.jta.platform.internal.NoJtaPlatform]
2023-01-16T14:35:57.032-03:00  INFO 13212 --- [restartedMain] j.LocalContainerEntityManagerFactoryBean : Initialized JPA EntityManagerFactory for persistence unit 'default'
2023-01-16T14:35:57.668-03:00  WARN 13212 --- [restartedMain] JpaBaseConfiguration$JpaWebConfiguration : spring.jpa.open-in-view is enabled by default. Therefore, database queries may be performed during view rendering. Explicitly configure spring.jpa.open-in-view to disable this warning
2023-01-16T14:35:57.765-03:00  INFO 13212 --- [restartedMain] o.s.b.a.w.s.WelcomePageHandlerMapping    : Adding welcome page template: index
2023-01-16T14:35:58.272-03:00  INFO 13212 --- [restartedMain] o.s.s.web.DefaultSecurityFilterChain     : Will secure any request with [org.springframework.security.web.session.DisableEncodeUrlFilter@122ba83b, org.springframework.security.web.context.request.async.WebAsyncManagerIntegrationFilter@65614520, org.springframework.security.web.context.SecurityContextHolderFilter@947b15f, org.springframework.security.web.header.HeaderWriterFilter@45e1738b, org.springframework.security.web.csrf.CsrfFilter@2c6c1c55, org.springframework.security.web.authentication.logout.LogoutFilter@1866c0e5, org.springframework.security.web.authentication.UsernamePasswordAuthenticationFilter@73b81883, org.springframework.security.web.savedrequest.RequestCacheAwareFilter@49a320bf, org.springframework.security.web.servletapi.SecurityContextHolderAwareRequestFilter@1be769c3, org.springframework.security.web.authentication.rememberme.RememberMeAuthenticationFilter@65a1f21c, org.springframework.security.web.authentication.AnonymousAuthenticationFilter@f3a7a82, org.springframework.security.web.access.ExceptionTranslationFilter@655344fb, org.springframework.security.web.access.intercept.FilterSecurityInterceptor@1a2dbe6e]
2023-01-16T14:35:58.460-03:00  WARN 13212 --- [restartedMain] o.s.s.c.a.web.builders.WebSecurity       : You are asking Spring Security to ignore Mvc [pattern='/images/**']. This is not recommended -- please use permitAll via HttpSecurity#authorizeHttpRequests instead.
2023-01-16T14:35:58.460-03:00  INFO 13212 --- [restartedMain] o.s.s.web.DefaultSecurityFilterChain     : Will not secure Mvc [pattern='/images/**']
2023-01-16T14:35:58.460-03:00  WARN 13212 --- [restartedMain] o.s.s.c.a.web.builders.WebSecurity       : You are asking Spring Security to ignore Mvc [pattern='/js/**']. This is not recommended -- please use permitAll via HttpSecurity#authorizeHttpRequests instead.
2023-01-16T14:35:58.461-03:00  INFO 13212 --- [restartedMain] o.s.s.web.DefaultSecurityFilterChain     : Will not secure Mvc [pattern='/js/**']
2023-01-16T14:35:58.461-03:00  WARN 13212 --- [restartedMain] o.s.s.c.a.web.builders.WebSecurity       : You are asking Spring Security to ignore Mvc [pattern='/webjars/**']. This is not recommended -- please use permitAll via HttpSecurity#authorizeHttpRequests instead.
2023-01-16T14:35:58.461-03:00  INFO 13212 --- [restartedMain] o.s.s.web.DefaultSecurityFilterChain     : Will not secure Mvc [pattern='/webjars/**']
2023-01-16T14:35:58.524-03:00  INFO 13212 --- [restartedMain] o.s.b.d.a.OptionalLiveReloadServer       : LiveReload server is running on port 35729
2023-01-16T14:35:58.573-03:00  INFO 13212 --- [restartedMain] o.s.b.w.embedded.tomcat.TomcatWebServer  : Tomcat started on port(s): 8080 (http) with context path '/TitaShopAdmin'
2023-01-16T14:35:58.588-03:00  INFO 13212 --- [restartedMain] c.titashop.admin.ShopBackEndApplication  : Started ShopBackEndApplication in 5.569 seconds (process running for 6.447)
